Release 14.7 - xst P.20131013 (nt)
Copyright (c) 1995-2013 Xilinx, Inc.  All rights reserved.
--> Parameter TMPDIR set to xst/projnav.tmp


Total REAL time to Xst completion: 0.00 secs
Total CPU time to Xst completion: 0.09 secs
 
--> Parameter xsthdpdir set to xst


Total REAL time to Xst completion: 0.00 secs
Total CPU time to Xst completion: 0.09 secs
 
--> Reading design: divider.prj

TABLE OF CONTENTS
  1) Synthesis Options Summary
  2) HDL Parsing
  3) HDL Elaboration
  4) HDL Synthesis
       4.1) HDL Synthesis Report
  5) Advanced HDL Synthesis
       5.1) Advanced HDL Synthesis Report
  6) Low Level Synthesis
  7) Partition Report
  8) Design Summary
       8.1) Primitive and Black Box Usage
       8.2) Device utilization summary
       8.3) Partition Resource Summary
       8.4) Timing Report
            8.4.1) Clock Information
            8.4.2) Asynchronous Control Signals Information
            8.4.3) Timing Summary
            8.4.4) Timing Details
            8.4.5) Cross Clock Domains Report


=========================================================================
*                      Synthesis Options Summary                        *
=========================================================================
---- Source Parameters
Input File Name                    : "divider.prj"
Ignore Synthesis Constraint File   : NO

---- Target Parameters
Output File Name                   : "divider"
Output Format                      : NGC
Target Device                      : xc6slx9-2-tqg144

---- Source Options
Top Module Name                    : divider
Automatic FSM Extraction           : YES
FSM Encoding Algorithm             : Auto
Safe Implementation                : No
FSM Style                          : LUT
RAM Extraction                     : Yes
RAM Style                          : Auto
ROM Extraction                     : Yes
Shift Register Extraction          : YES
ROM Style                          : Auto
Resource Sharing                   : YES
Asynchronous To Synchronous        : NO
Shift Register Minimum Size        : 2
Use DSP Block                      : Auto
Automatic Register Balancing       : No

---- Target Options
LUT Combining                      : Auto
Reduce Control Sets                : Auto
Add IO Buffers                     : YES
Global Maximum Fanout              : 100000
Add Generic Clock Buffer(BUFG)     : 16
Register Duplication               : YES
Optimize Instantiated Primitives   : NO
Use Clock Enable                   : Auto
Use Synchronous Set                : Auto
Use Synchronous Reset              : Auto
Pack IO Registers into IOBs        : Auto
Equivalent register Removal        : YES

---- General Options
Optimization Goal                  : Speed
Optimization Effort                : 1
Power Reduction                    : NO
Keep Hierarchy                     : No
Netlist Hierarchy                  : As_Optimized
RTL Output                         : Yes
Global Optimization                : AllClockNets
Read Cores                         : YES
Write Timing Constraints           : NO
Cross Clock Analysis               : NO
Hierarchy Separator                : /
Bus Delimiter                      : <>
Case Specifier                     : Maintain
Slice Utilization Ratio            : 100
BRAM Utilization Ratio             : 100
DSP48 Utilization Ratio            : 100
Auto BRAM Packing                  : NO
Slice Utilization Ratio Delta      : 5

=========================================================================


=========================================================================
*                          HDL Parsing                                  *
=========================================================================
Parsing VHDL file "C:\Users\farhad\Desktop\Lab9\Divider\divider.vhd" into library work
Parsing entity <divider>.
Parsing architecture <Behavioral> of entity <divider>.

=========================================================================
*                            HDL Elaboration                            *
=========================================================================

Elaborating entity <divider> (architecture <Behavioral>) from library <work>.

=========================================================================
*                           HDL Synthesis                               *
=========================================================================

Synthesizing Unit <divider>.
    Related source file is "C:\Users\farhad\Desktop\Lab9\Divider\divider.vhd".
    Found 5-bit register for signal <divisor_reg>.
    Found 3-bit register for signal <state>.
    Found 9-bit register for signal <reg>.
    Found finite state machine <FSM_0> for signal <state>.
    -----------------------------------------------------------------------
    | States             | 6                                              |
    | Transitions        | 11                                             |
    | Inputs             | 2                                              |
    | Outputs            | 4                                              |
    | Clock              | clk (rising_edge)                              |
    | Power Up State     | 000                                            |
    | Encoding           | auto                                           |
    | Implementation     | LUT                                            |
    -----------------------------------------------------------------------
    Found 5-bit subtractor for signal <GND_6_o_GND_6_o_sub_23_OUT<4:0>> created at line 99.
    Found 5-bit comparator greater for signal <reg[8]_divisor_reg[4]_LessThan_7_o> created at line 64
    Summary:
	inferred   1 Adder/Subtractor(s).
	inferred  14 D-type flip-flop(s).
	inferred   1 Comparator(s).
	inferred  15 Multiplexer(s).
	inferred   1 Finite State Machine(s).
Unit <divider> synthesized.

=========================================================================
HDL Synthesis Report

Macro Statistics
# Adders/Subtractors                                   : 1
 5-bit subtractor                                      : 1
# Registers                                            : 2
 5-bit register                                        : 1
 9-bit register                                        : 1
# Comparators                                          : 1
 5-bit comparator greater                              : 1
# Multiplexers                                         : 15
 1-bit 2-to-1 multiplexer                              : 6
 9-bit 2-to-1 multiplexer                              : 9
# FSMs                                                 : 1

=========================================================================

=========================================================================
*                       Advanced HDL Synthesis                          *
=========================================================================

WARNING:Xst:1710 - FF/Latch <divisor_reg_4> (without init value) has a constant value of 0 in block <divider>. This FF/Latch will be trimmed during the optimization process.
WARNING:Xst:2404 -  FFs/Latches <divisor_reg<4:4>> (without init value) have a constant value of 0 in block <divider>.

=========================================================================
Advanced HDL Synthesis Report

Macro Statistics
# Adders/Subtractors                                   : 1
 5-bit subtractor                                      : 1
# Registers                                            : 13
 Flip-Flops                                            : 13
# Comparators                                          : 1
 5-bit comparator greater                              : 1
# Multiplexers                                         : 15
 1-bit 2-to-1 multiplexer                              : 6
 9-bit 2-to-1 multiplexer                              : 9
# FSMs                                                 : 1

=========================================================================

=========================================================================
*                         Low Level Synthesis                           *
=========================================================================
Analyzing FSM <MFsm> for best encoding.
Optimizing FSM <FSM_0> on signal <state[1:3]> with user encoding.
-------------------
 State | Encoding
-------------------
 000   | 000
 001   | 001
 010   | 010
 011   | 011
 100   | 100
 101   | 101
-------------------

Optimizing unit <divider> ...

Mapping all equations...
Building and optimizing final netlist ...
Found area constraint ratio of 100 (+ 5) on block divider, actual ratio is 0.
FlipFlop state_FSM_FFd1 has been replicated 2 time(s)
FlipFlop state_FSM_FFd2 has been replicated 2 time(s)
FlipFlop state_FSM_FFd3 has been replicated 2 time(s)

Final Macro Processing ...

=========================================================================
Final Register Report

Macro Statistics
# Registers                                            : 22
 Flip-Flops                                            : 22

=========================================================================

=========================================================================
*                           Partition Report                            *
=========================================================================

Partition Implementation Status
-------------------------------

  No Partitions were found in this design.

-------------------------------

=========================================================================
*                            Design Summary                             *
=========================================================================

Top Level Output File Name         : divider.ngc

Primitive and Black Box Usage:
------------------------------
# BELS                             : 65
#      LUT2                        : 4
#      LUT3                        : 7
#      LUT4                        : 13
#      LUT5                        : 10
#      LUT6                        : 24
#      MUXF7                       : 6
#      VCC                         : 1
# FlipFlops/Latches                : 22
#      FD                          : 18
#      FDE                         : 4
# Clock Buffers                    : 1
#      BUFGP                       : 1
# IO Buffers                       : 23
#      IBUF                        : 13
#      OBUF                        : 10

Device utilization summary:
---------------------------

Selected Device : 6slx9tqg144-2 


Slice Logic Utilization: 
 Number of Slice Registers:              22  out of  11440     0%  
 Number of Slice LUTs:                   58  out of   5720     1%  
    Number used as Logic:                58  out of   5720     1%  

Slice Logic Distribution: 
 Number of LUT Flip Flop pairs used:     63
   Number with an unused Flip Flop:      41  out of     63    65%  
   Number with an unused LUT:             5  out of     63     7%  
   Number of fully used LUT-FF pairs:    17  out of     63    26%  
   Number of unique control sets:         2

IO Utilization: 
 Number of IOs:                          24
 Number of bonded IOBs:                  24  out of    102    23%  

Specific Feature Utilization:
 Number of BUFG/BUFGCTRLs:                1  out of     16     6%  

---------------------------
Partition Resource Summary:
---------------------------

  No Partitions were found in this design.

---------------------------


=========================================================================
Timing Report

NOTE: THESE TIMING NUMBERS ARE ONLY A SYNTHESIS ESTIMATE.
      FOR ACCURATE TIMING INFORMATION PLEASE REFER TO THE TRACE REPORT
      GENERATED AFTER PLACE-and-ROUTE.

Clock Information:
------------------
-----------------------------------+------------------------+-------+
Clock Signal                       | Clock buffer(FF name)  | Load  |
-----------------------------------+------------------------+-------+
clk                                | BUFGP                  | 22    |
-----------------------------------+------------------------+-------+

Asynchronous Control Signals Information:
----------------------------------------
No asynchronous control signals found in this design

Timing Summary:
---------------
Speed Grade: -2

   Minimum period: 4.521ns (Maximum Frequency: 221.190MHz)
   Minimum input arrival time before clock: 5.492ns
   Maximum output required time after clock: 5.457ns
   Maximum combinational path delay: No path found

Timing Details:
---------------
All values displayed in nanoseconds (ns)

=========================================================================
Timing constraint: Default period analysis for Clock 'clk'
  Clock period: 4.521ns (frequency: 221.190MHz)
  Total number of paths / destination ports: 452 / 26
-------------------------------------------------------------------------
Delay:               4.521ns (Levels of Logic = 3)
  Source:            divisor_reg_1 (FF)
  Destination:       reg_1 (FF)
  Source Clock:      clk rising
  Destination Clock: clk rising

  Data Path: divisor_reg_1 to reg_1
                                Gate     Net
    Cell:in->out      fanout   Delay   Delay  Logical Name (Net Name)
    ----------------------------------------  ------------
     FDE:C->Q              6   0.525   1.306  divisor_reg_1 (divisor_reg_1)
     LUT6:I1->O            8   0.254   0.944  reg[8]_divisor_reg[4]_LessThan_7_o81 (reg[8]_divisor_reg[4]_LessThan_7_o1)
     LUT4:I3->O            7   0.254   0.910  reg[8]_divisor_reg[4]_LessThan_7_o91 (reg[8]_divisor_reg[4]_LessThan_7_o)
     LUT6:I5->O            1   0.254   0.000  Mmux_state[2]_X_6_o_wide_mux_23_OUT64 (state[2]_X_6_o_wide_mux_23_OUT<4>)
     FD:D                      0.074          reg_4
    ----------------------------------------
    Total                      4.521ns (1.361ns logic, 3.160ns route)
                                       (30.1% logic, 69.9% route)

=========================================================================
Timing constraint: Default OFFSET IN BEFORE for Clock 'clk'
  Total number of paths / destination ports: 44 / 16
-------------------------------------------------------------------------
Offset:              5.492ns (Levels of Logic = 4)
  Source:            st (PAD)
  Destination:       reg_4 (FF)
  Destination Clock: clk rising

  Data Path: st to reg_4
                                Gate     Net
    Cell:in->out      fanout   Delay   Delay  Logical Name (Net Name)
    ----------------------------------------  ------------
     IBUF:I->O            17   1.328   1.485  st_IBUF (st_IBUF)
     LUT4:I0->O            2   0.254   0.954  reg[8]_divisor_reg[4]_LessThan_7_o91_SW0 (N7)
     LUT6:I3->O            4   0.235   0.912  Mmux_state[2]_X_6_o_wide_mux_23_OUT1021 (Mmux_state[2]_X_6_o_wide_mux_23_OUT102)
     LUT6:I4->O            1   0.250   0.000  Mmux_state[2]_X_6_o_wide_mux_23_OUT64 (state[2]_X_6_o_wide_mux_23_OUT<4>)
     FD:D                      0.074          reg_4
    ----------------------------------------
    Total                      5.492ns (2.141ns logic, 3.351ns route)
                                       (39.0% logic, 61.0% route)

=========================================================================
Timing constraint: Default OFFSET OUT AFTER for Clock 'clk'
  Total number of paths / destination ports: 11 / 9
-------------------------------------------------------------------------
Offset:              5.457ns (Levels of Logic = 2)
  Source:            state_FSM_FFd3_2 (FF)
  Destination:       ready (PAD)
  Source Clock:      clk rising

  Data Path: state_FSM_FFd3_2 to ready
                                Gate     Net
    Cell:in->out      fanout   Delay   Delay  Logical Name (Net Name)
    ----------------------------------------  ------------
     FD:C->Q               1   0.525   0.910  state_FSM_FFd3_2 (state_FSM_FFd3_2)
     LUT3:I0->O            6   0.235   0.875  Mmux_state[2]_X_6_o_wide_mux_23_OUT2111 (Mmux_state[2]_X_6_o_wide_mux_23_OUT211)
     OBUF:I->O                 2.912          ready_OBUF (ready)
    ----------------------------------------
    Total                      5.457ns (3.672ns logic, 1.785ns route)
                                       (67.3% logic, 32.7% route)

=========================================================================

Cross Clock Domains Report:
--------------------------

Clock to Setup on destination clock clk
---------------+---------+---------+---------+---------+
               | Src:Rise| Src:Fall| Src:Rise| Src:Fall|
Source Clock   |Dest:Rise|Dest:Rise|Dest:Fall|Dest:Fall|
---------------+---------+---------+---------+---------+
clk            |    4.521|         |         |         |
---------------+---------+---------+---------+---------+

=========================================================================


Total REAL time to Xst completion: 3.00 secs
Total CPU time to Xst completion: 3.49 secs
 
--> 

Total memory usage is 185192 kilobytes

Number of errors   :    0 (   0 filtered)
Number of warnings :    2 (   0 filtered)
Number of infos    :    0 (   0 filtered)

