Release 14.7 - xst P.20131013 (nt)
Copyright (c) 1995-2013 Xilinx, Inc.  All rights reserved.
--> Parameter TMPDIR set to xst/projnav.tmp


Total REAL time to Xst completion: 0.00 secs
Total CPU time to Xst completion: 0.13 secs
 
--> Parameter xsthdpdir set to xst


Total REAL time to Xst completion: 0.00 secs
Total CPU time to Xst completion: 0.14 secs
 
--> Reading design: ram.prj

TABLE OF CONTENTS
  1) Synthesis Options Summary
  2) HDL Parsing
  3) HDL Elaboration
  4) HDL Synthesis
       4.1) HDL Synthesis Report
  5) Advanced HDL Synthesis
       5.1) Advanced HDL Synthesis Report
  6) Low Level Synthesis
  7) Partition Report
  8) Design Summary
       8.1) Primitive and Black Box Usage
       8.2) Device utilization summary
       8.3) Partition Resource Summary
       8.4) Timing Report
            8.4.1) Clock Information
            8.4.2) Asynchronous Control Signals Information
            8.4.3) Timing Summary
            8.4.4) Timing Details
            8.4.5) Cross Clock Domains Report


=========================================================================
*                      Synthesis Options Summary                        *
=========================================================================
---- Source Parameters
Input File Name                    : "ram.prj"
Ignore Synthesis Constraint File   : NO

---- Target Parameters
Output File Name                   : "ram"
Output Format                      : NGC
Target Device                      : xc6slx9-2-tqg144

---- Source Options
Top Module Name                    : ram
Automatic FSM Extraction           : YES
FSM Encoding Algorithm             : Auto
Safe Implementation                : No
FSM Style                          : LUT
RAM Extraction                     : Yes
RAM Style                          : Auto
ROM Extraction                     : Yes
Shift Register Extraction          : YES
ROM Style                          : Auto
Resource Sharing                   : YES
Asynchronous To Synchronous        : NO
Shift Register Minimum Size        : 2
Use DSP Block                      : Auto
Automatic Register Balancing       : No

---- Target Options
LUT Combining                      : Auto
Reduce Control Sets                : Auto
Add IO Buffers                     : YES
Global Maximum Fanout              : 100000
Add Generic Clock Buffer(BUFG)     : 16
Register Duplication               : YES
Optimize Instantiated Primitives   : NO
Use Clock Enable                   : Auto
Use Synchronous Set                : Auto
Use Synchronous Reset              : Auto
Pack IO Registers into IOBs        : Auto
Equivalent register Removal        : YES

---- General Options
Optimization Goal                  : Speed
Optimization Effort                : 1
Power Reduction                    : NO
Keep Hierarchy                     : No
Netlist Hierarchy                  : As_Optimized
RTL Output                         : Yes
Global Optimization                : AllClockNets
Read Cores                         : YES
Write Timing Constraints           : NO
Cross Clock Analysis               : NO
Hierarchy Separator                : /
Bus Delimiter                      : <>
Case Specifier                     : Maintain
Slice Utilization Ratio            : 100
BRAM Utilization Ratio             : 100
DSP48 Utilization Ratio            : 100
Auto BRAM Packing                  : NO
Slice Utilization Ratio Delta      : 5

=========================================================================


=========================================================================
*                          HDL Parsing                                  *
=========================================================================
Parsing VHDL file "C:\Users\farhad\Desktop\Lab8\ram_dual_port\single_port_ram.vhd" into library work
Parsing entity <single_port_ram>.
Parsing architecture <RTL> of entity <single_port_ram>.
Parsing VHDL file "C:\Users\farhad\Desktop\Lab8\ram_dual_port\ram.vhd" into library work
Parsing entity <ram>.
Parsing architecture <RTL> of entity <ram>.

=========================================================================
*                            HDL Elaboration                            *
=========================================================================

Elaborating entity <ram> (architecture <RTL>) from library <work>.

Elaborating entity <single_port_ram> (architecture <RTL>) from library <work>.

=========================================================================
*                           HDL Synthesis                               *
=========================================================================

Synthesizing Unit <ram>.
    Related source file is "C:\Users\farhad\Desktop\Lab8\ram_dual_port\ram.vhd".
    Summary:
	no macro.
Unit <ram> synthesized.

Synthesizing Unit <single_port_ram>.
    Related source file is "C:\Users\farhad\Desktop\Lab8\ram_dual_port\single_port_ram.vhd".
    Found 128x8-bit dual-port RAM <Mram_ram> for signal <ram>.
    Found 7-bit register for signal <addr_reg>.
    Summary:
	inferred   1 RAM(s).
	inferred   7 D-type flip-flop(s).
Unit <single_port_ram> synthesized.

=========================================================================
HDL Synthesis Report

Macro Statistics
# RAMs                                                 : 2
 128x8-bit dual-port RAM                               : 2
# Registers                                            : 2
 7-bit register                                        : 2

=========================================================================

=========================================================================
*                       Advanced HDL Synthesis                          *
=========================================================================


Synthesizing (advanced) Unit <single_port_ram>.
INFO:Xst:3226 - The RAM <Mram_ram> will be implemented as a BLOCK RAM, absorbing the following register(s): <addr_reg>
    -----------------------------------------------------------------------
    | ram_type           | Block                               |          |
    -----------------------------------------------------------------------
    | Port A                                                              |
    |     aspect ratio   | 128-word x 8-bit                    |          |
    |     mode           | write-first                         |          |
    |     clkA           | connected to signal <clk>           | rise     |
    |     weA            | connected to signal <we>            | high     |
    |     addrA          | connected to signal <addr>          |          |
    |     diA            | connected to signal <data>          |          |
    |     doA            | connected to internal node          |          |
    -----------------------------------------------------------------------
    | optimization       | speed                               |          |
    -----------------------------------------------------------------------
Unit <single_port_ram> synthesized (advanced).

=========================================================================
Advanced HDL Synthesis Report

Macro Statistics
# RAMs                                                 : 2
 128x8-bit single-port block RAM                       : 2

=========================================================================

=========================================================================
*                         Low Level Synthesis                           *
=========================================================================

Optimizing unit <ram> ...

Mapping all equations...
Building and optimizing final netlist ...
Found area constraint ratio of 100 (+ 5) on block ram, actual ratio is 0.

Final Macro Processing ...

=========================================================================
Final Register Report

Found no macro
=========================================================================

=========================================================================
*                           Partition Report                            *
=========================================================================

Partition Implementation Status
-------------------------------

  No Partitions were found in this design.

-------------------------------

=========================================================================
*                            Design Summary                             *
=========================================================================

Top Level Output File Name         : ram.ngc

Primitive and Black Box Usage:
------------------------------
# BELS                             : 2
#      GND                         : 1
#      VCC                         : 1
# RAMS                             : 2
#      RAMB8BWER                   : 2
# Clock Buffers                    : 2
#      BUFGP                       : 2
# IO Buffers                       : 48
#      IBUF                        : 32
#      OBUF                        : 16

Device utilization summary:
---------------------------

Selected Device : 6slx9tqg144-2 


Slice Logic Utilization: 

Slice Logic Distribution: 
 Number of LUT Flip Flop pairs used:      0
   Number with an unused Flip Flop:       0  out of      0         
   Number with an unused LUT:             0  out of      0         
   Number of fully used LUT-FF pairs:     0  out of      0         
   Number of unique control sets:         0

IO Utilization: 
 Number of IOs:                          50
 Number of bonded IOBs:                  50  out of    102    49%  

Specific Feature Utilization:
 Number of Block RAM/FIFO:                1  out of     32     3%  
    Number using Block RAM only:          1
 Number of BUFG/BUFGCTRLs:                2  out of     16    12%  

---------------------------
Partition Resource Summary:
---------------------------

  No Partitions were found in this design.

---------------------------


=========================================================================
Timing Report

NOTE: THESE TIMING NUMBERS ARE ONLY A SYNTHESIS ESTIMATE.
      FOR ACCURATE TIMING INFORMATION PLEASE REFER TO THE TRACE REPORT
      GENERATED AFTER PLACE-and-ROUTE.

Clock Information:
------------------
-----------------------------------+------------------------+-------+
Clock Signal                       | Clock buffer(FF name)  | Load  |
-----------------------------------+------------------------+-------+
clk2                               | BUFGP                  | 1     |
clk1                               | BUFGP                  | 1     |
-----------------------------------+------------------------+-------+

Asynchronous Control Signals Information:
----------------------------------------
No asynchronous control signals found in this design

Timing Summary:
---------------
Speed Grade: -2

   Minimum period: No path found
   Minimum input arrival time before clock: 2.409ns
   Maximum output required time after clock: 5.393ns
   Maximum combinational path delay: No path found

Timing Details:
---------------
All values displayed in nanoseconds (ns)

=========================================================================
Timing constraint: Default OFFSET IN BEFORE for Clock 'clk2'
  Total number of paths / destination ports: 17 / 17
-------------------------------------------------------------------------
Offset:              2.409ns (Levels of Logic = 1)
  Source:            addr2<6> (PAD)
  Destination:       spr2/Mram_ram (RAM)
  Destination Clock: clk2 rising

  Data Path: addr2<6> to spr2/Mram_ram
                                Gate     Net
    Cell:in->out      fanout   Delay   Delay  Logical Name (Net Name)
    ----------------------------------------  ------------
     IBUF:I->O             1   1.328   0.681  addr2_6_IBUF (addr2_6_IBUF)
     RAMB8BWER:ADDRAWRADDR9        0.400          spr2/Mram_ram
    ----------------------------------------
    Total                      2.409ns (1.728ns logic, 0.681ns route)
                                       (71.7% logic, 28.3% route)

=========================================================================
Timing constraint: Default OFFSET IN BEFORE for Clock 'clk1'
  Total number of paths / destination ports: 17 / 17
-------------------------------------------------------------------------
Offset:              2.409ns (Levels of Logic = 1)
  Source:            addr1<6> (PAD)
  Destination:       spr1/Mram_ram (RAM)
  Destination Clock: clk1 rising

  Data Path: addr1<6> to spr1/Mram_ram
                                Gate     Net
    Cell:in->out      fanout   Delay   Delay  Logical Name (Net Name)
    ----------------------------------------  ------------
     IBUF:I->O             1   1.328   0.681  addr1_6_IBUF (addr1_6_IBUF)
     RAMB8BWER:ADDRAWRADDR9        0.400          spr1/Mram_ram
    ----------------------------------------
    Total                      2.409ns (1.728ns logic, 0.681ns route)
                                       (71.7% logic, 28.3% route)

=========================================================================
Timing constraint: Default OFFSET OUT AFTER for Clock 'clk1'
  Total number of paths / destination ports: 8 / 8
-------------------------------------------------------------------------
Offset:              5.393ns (Levels of Logic = 1)
  Source:            spr1/Mram_ram (RAM)
  Destination:       q1<7> (PAD)
  Source Clock:      clk1 rising

  Data Path: spr1/Mram_ram to q1<7>
                                Gate     Net
    Cell:in->out      fanout   Delay   Delay  Logical Name (Net Name)
    ----------------------------------------  ------------
     RAMB8BWER:CLKAWRCLK->DOADO7    1   1.800   0.681  spr1/Mram_ram (q1_7_OBUF)
     OBUF:I->O                 2.912          q1_7_OBUF (q1<7>)
    ----------------------------------------
    Total                      5.393ns (4.712ns logic, 0.681ns route)
                                       (87.4% logic, 12.6% route)

=========================================================================
Timing constraint: Default OFFSET OUT AFTER for Clock 'clk2'
  Total number of paths / destination ports: 8 / 8
-------------------------------------------------------------------------
Offset:              5.393ns (Levels of Logic = 1)
  Source:            spr2/Mram_ram (RAM)
  Destination:       q2<7> (PAD)
  Source Clock:      clk2 rising

  Data Path: spr2/Mram_ram to q2<7>
                                Gate     Net
    Cell:in->out      fanout   Delay   Delay  Logical Name (Net Name)
    ----------------------------------------  ------------
     RAMB8BWER:CLKAWRCLK->DOADO7    1   1.800   0.681  spr2/Mram_ram (q2_7_OBUF)
     OBUF:I->O                 2.912          q2_7_OBUF (q2<7>)
    ----------------------------------------
    Total                      5.393ns (4.712ns logic, 0.681ns route)
                                       (87.4% logic, 12.6% route)

=========================================================================

Cross Clock Domains Report:
--------------------------

=========================================================================


Total REAL time to Xst completion: 6.00 secs
Total CPU time to Xst completion: 5.61 secs
 
--> 

Total memory usage is 184936 kilobytes

Number of errors   :    0 (   0 filtered)
Number of warnings :    0 (   0 filtered)
Number of infos    :    1 (   0 filtered)

